<?xml version="1.0" encoding="UTF-8"?>
<!-- Generated by org.testng.reporters.JUnitXMLReporter -->
<testsuite ignored="0" hostname="DESKTOP-VT2BQ7B" failures="2" tests="2" name="TestAAA" time="4.117" errors="0" timestamp="2022-06-20T00:22:03 EDT">
  <testcase classname="a_Family.AAA" name="testAAA" time="2.024">
    <failure type="java.lang.AssertionError" message="The following asserts failed:
	expected [Title] but found [Title 1]">
      <![CDATA[java.lang.AssertionError: The following asserts failed:
expected [Title] but found [Title 1]
at a_Family.AAA.testAAA(AAA.java:20)
at java.base/java.util.ArrayList.forEach(ArrayList.java:1511)
... Removed 30 stack frames]]>
    </failure>
  </testcase> <!-- testAAA -->
  <testcase classname="a_Family.AAA" name="testAAA" time="2.01">
    <failure type="java.lang.AssertionError" message="The following asserts failed:
	expected [Title] but found [Title 1]">
      <![CDATA[java.lang.AssertionError: The following asserts failed:
expected [Title] but found [Title 1]
at a_Family.AAA.testAAA(AAA.java:20)
at java.base/java.util.ArrayList.forEach(ArrayList.java:1511)
... Removed 30 stack frames]]>
    </failure>
  </testcase> <!-- testAAA -->
</testsuite> <!-- TestAAA -->
